<?xml version="1.0" encoding="UTF-8"?>
<!-- Generated by org.testng.reporters.JUnitReportReporter -->
<testsuite hostname="DESKTOP-57AN5QL" failures="0" tests="1" name="mpack.FourTest" time="0.039" errors="0" timestamp="2023-12-23T08:59:50 IST" skipped="0">
  <testcase classname="mpack.FourTest" name="mFour" time="0.039"/>
  <system-out/>
</testsuite> <!-- mpack.FourTest -->
