<?xml version="1.0" encoding="UTF-8"?>
<!-- Generated by org.testng.reporters.JUnitReportReporter -->
<testsuite hostname="DESKTOP-57AN5QL" failures="0" tests="1" name="mpack.OneTest" time="15.375" errors="0" timestamp="2023-12-23T09:11:06 IST" skipped="0">
  <testcase classname="mpack.OneTest" name="mOne" time="15.375"/>
  <system-out/>
</testsuite> <!-- mpack.OneTest -->
